D:\MY_DOCUMENTS\COCOS2D-2.1RC0-X-2.1.2-HOTFIX\COCOS2D-2.1RC0-X-2.1.3\DEBUG.WIN32\WEIXINPLANE.WIN32.EXE
D:\MY_DOCUMENTS\COCOS2D-2.1RC0-X-2.1.2-HOTFIX\COCOS2D-2.1RC0-X-2.1.3\DEBUG.WIN32\WEIXINPLANE.WIN32.ILK
D:\MY_DOCUMENTS\COCOS2D-2.1RC0-X-2.1.2-HOTFIX\COCOS2D-2.1RC0-X-2.1.3\DEBUG.WIN32\WEIXINPLANE.WIN32.PDB
D:\MY_DOCUMENTS\COCOS2D-2.1RC0-X-2.1.2-HOTFIX\COCOS2D-2.1RC0-X-2.1.3\WEIXINPLANE\PROJ.WIN32\DEBUG.WIN32\APPDELEGATE.OBJ
D:\MY_DOCUMENTS\COCOS2D-2.1RC0-X-2.1.2-HOTFIX\COCOS2D-2.1RC0-X-2.1.3\WEIXINPLANE\PROJ.WIN32\DEBUG.WIN32\BULLETLAYER.OBJ
D:\My_Documents\cocos2d-2.1rc0-x-2.1.2-hotfix\cocos2d-2.1rc0-x-2.1.3\weixinplane\proj.win32\Debug.win32\cl.command.1.tlog
D:\My_Documents\cocos2d-2.1rc0-x-2.1.2-hotfix\cocos2d-2.1rc0-x-2.1.3\weixinplane\proj.win32\Debug.win32\CL.read.1.tlog
D:\My_Documents\cocos2d-2.1rc0-x-2.1.2-hotfix\cocos2d-2.1rc0-x-2.1.3\weixinplane\proj.win32\Debug.win32\CL.write.1.tlog
D:\MY_DOCUMENTS\COCOS2D-2.1RC0-X-2.1.2-HOTFIX\COCOS2D-2.1RC0-X-2.1.3\WEIXINPLANE\PROJ.WIN32\DEBUG.WIN32\ENEMY1LAYER.OBJ
D:\MY_DOCUMENTS\COCOS2D-2.1RC0-X-2.1.2-HOTFIX\COCOS2D-2.1RC0-X-2.1.3\WEIXINPLANE\PROJ.WIN32\DEBUG.WIN32\ENEMY1SPRITE.OBJ
D:\MY_DOCUMENTS\COCOS2D-2.1RC0-X-2.1.2-HOTFIX\COCOS2D-2.1RC0-X-2.1.3\WEIXINPLANE\PROJ.WIN32\DEBUG.WIN32\ENEMY2LAYER.OBJ
D:\MY_DOCUMENTS\COCOS2D-2.1RC0-X-2.1.2-HOTFIX\COCOS2D-2.1RC0-X-2.1.3\WEIXINPLANE\PROJ.WIN32\DEBUG.WIN32\ENEMY3LAYER.OBJ
D:\MY_DOCUMENTS\COCOS2D-2.1RC0-X-2.1.2-HOTFIX\COCOS2D-2.1RC0-X-2.1.3\WEIXINPLANE\PROJ.WIN32\DEBUG.WIN32\GAMELAYER.OBJ
D:\MY_DOCUMENTS\COCOS2D-2.1RC0-X-2.1.2-HOTFIX\COCOS2D-2.1RC0-X-2.1.3\WEIXINPLANE\PROJ.WIN32\DEBUG.WIN32\GAMEOVERLAYER.OBJ
D:\MY_DOCUMENTS\COCOS2D-2.1RC0-X-2.1.2-HOTFIX\COCOS2D-2.1RC0-X-2.1.3\WEIXINPLANE\PROJ.WIN32\DEBUG.WIN32\GAMEOVERSCENE.OBJ
D:\MY_DOCUMENTS\COCOS2D-2.1RC0-X-2.1.2-HOTFIX\COCOS2D-2.1RC0-X-2.1.3\WEIXINPLANE\PROJ.WIN32\DEBUG.WIN32\GAMESCENE.OBJ
D:\My_Documents\cocos2d-2.1rc0-x-2.1.2-hotfix\cocos2d-2.1rc0-x-2.1.3\weixinplane\proj.win32\Debug.win32\link.command.1.tlog
D:\My_Documents\cocos2d-2.1rc0-x-2.1.2-hotfix\cocos2d-2.1rc0-x-2.1.3\weixinplane\proj.win32\Debug.win32\link.read.1.tlog
D:\My_Documents\cocos2d-2.1rc0-x-2.1.2-hotfix\cocos2d-2.1rc0-x-2.1.3\weixinplane\proj.win32\Debug.win32\link.write.1.tlog
D:\My_Documents\cocos2d-2.1rc0-x-2.1.2-hotfix\cocos2d-2.1rc0-x-2.1.3\weixinplane\proj.win32\Debug.win32\link-cvtres.read.1.tlog
D:\My_Documents\cocos2d-2.1rc0-x-2.1.2-hotfix\cocos2d-2.1rc0-x-2.1.3\weixinplane\proj.win32\Debug.win32\link-cvtres.write.1.tlog
D:\MY_DOCUMENTS\COCOS2D-2.1RC0-X-2.1.2-HOTFIX\COCOS2D-2.1RC0-X-2.1.3\WEIXINPLANE\PROJ.WIN32\DEBUG.WIN32\MAIN.OBJ
D:\My_Documents\cocos2d-2.1rc0-x-2.1.2-hotfix\cocos2d-2.1rc0-x-2.1.3\weixinplane\proj.win32\Debug.win32\mt.command.1.tlog
D:\My_Documents\cocos2d-2.1rc0-x-2.1.2-hotfix\cocos2d-2.1rc0-x-2.1.3\weixinplane\proj.win32\Debug.win32\mt.read.1.tlog
D:\My_Documents\cocos2d-2.1rc0-x-2.1.2-hotfix\cocos2d-2.1rc0-x-2.1.3\weixinplane\proj.win32\Debug.win32\mt.write.1.tlog
D:\MY_DOCUMENTS\COCOS2D-2.1RC0-X-2.1.2-HOTFIX\COCOS2D-2.1RC0-X-2.1.3\WEIXINPLANE\PROJ.WIN32\DEBUG.WIN32\PLANELAYER.OBJ
D:\My_Documents\cocos2d-2.1rc0-x-2.1.2-hotfix\cocos2d-2.1rc0-x-2.1.3\weixinplane\proj.win32\Debug.win32\rc.command.1.tlog
D:\My_Documents\cocos2d-2.1rc0-x-2.1.2-hotfix\cocos2d-2.1rc0-x-2.1.3\weixinplane\proj.win32\Debug.win32\rc.read.1.tlog
D:\My_Documents\cocos2d-2.1rc0-x-2.1.2-hotfix\cocos2d-2.1rc0-x-2.1.3\weixinplane\proj.win32\Debug.win32\rc.write.1.tlog
D:\My_Documents\cocos2d-2.1rc0-x-2.1.2-hotfix\cocos2d-2.1rc0-x-2.1.3\weixinplane\proj.win32\Debug.win32\vc100.idb
D:\MY_DOCUMENTS\COCOS2D-2.1RC0-X-2.1.2-HOTFIX\COCOS2D-2.1RC0-X-2.1.3\WEIXINPLANE\PROJ.WIN32\DEBUG.WIN32\VC100.PDB
D:\MY_DOCUMENTS\COCOS2D-2.1RC0-X-2.1.2-HOTFIX\COCOS2D-2.1RC0-X-2.1.3\WEIXINPLANE\PROJ.WIN32\DEBUG.WIN32\WEIXINPLANE.RES
D:\MY_DOCUMENTS\COCOS2D-2.1RC0-X-2.1.2-HOTFIX\COCOS2D-2.1RC0-X-2.1.3\WEIXINPLANE\PROJ.WIN32\DEBUG.WIN32\WEIXINPLANE.WIN32.EXE.EMBED.MANIFEST
D:\MY_DOCUMENTS\COCOS2D-2.1RC0-X-2.1.2-HOTFIX\COCOS2D-2.1RC0-X-2.1.3\WEIXINPLANE\PROJ.WIN32\DEBUG.WIN32\WEIXINPLANE.WIN32.EXE.EMBED.MANIFEST.RES
D:\MY_DOCUMENTS\COCOS2D-2.1RC0-X-2.1.2-HOTFIX\COCOS2D-2.1RC0-X-2.1.3\WEIXINPLANE\PROJ.WIN32\DEBUG.WIN32\WEIXINPLANE.WIN32.EXE.INTERMEDIATE.MANIFEST
D:\My_Documents\cocos2d-2.1rc0-x-2.1.2-hotfix\cocos2d-2.1rc0-x-2.1.3\weixinplane\proj.win32\Debug.win32\weixinplane.win32_manifest.rc
D:\MY_DOCUMENTS\COCOS2D-2.1RC0-X-2.1.2-HOTFIX\COCOS2D-2.1RC0-X-2.1.3\WEIXINPLANE\PROJ.WIN32\DEBUG.WIN32\WELCOMELAYER.OBJ
D:\MY_DOCUMENTS\COCOS2D-2.1RC0-X-2.1.2-HOTFIX\COCOS2D-2.1RC0-X-2.1.3\WEIXINPLANE\PROJ.WIN32\DEBUG.WIN32\WELCOMESCENE.OBJ
