生成启动时间为 2013/10/6 21:02:13。
     1>项目“D:\My_Documents\cocos2d-2.1rc0-x-2.1.2-hotfix\cocos2d-2.1rc0-x-2.1.3\weixinplane\proj.win32\weixinplane.win32.vcxproj”在节点 2 上(build 个目标)。
     1>InitializeBuildStatus:
         正在创建“Debug.win32\weixinplane.win32.unsuccessfulbuild”，因为已指定“AlwaysCreate”。
       ClCompile:
         D:\vs2010\VC\bin\CL.exe /c /I. /I..\Classes /I"D:\My_Documents\cocos2d-2.1rc0-x-2.1.2-hotfix\cocos2d-2.1rc0-x-2.1.3\cocos2dx" /I"D:\My_Documents\cocos2d-2.1rc0-x-2.1.2-hotfix\cocos2d-2.1rc0-x-2.1.3\cocos2dx\include" /I"D:\My_Documents\cocos2d-2.1rc0-x-2.1.2-hotfix\cocos2d-2.1rc0-x-2.1.3\cocos2dx\kazmath\include" /I"D:\My_Documents\cocos2d-2.1rc0-x-2.1.2-hotfix\cocos2d-2.1rc0-x-2.1.3\cocos2dx\platform\win32" /I"D:\My_Documents\cocos2d-2.1rc0-x-2.1.2-hotfix\cocos2d-2.1rc0-x-2.1.3\cocos2dx\platform\third_party\win32" /I"D:\My_Documents\cocos2d-2.1rc0-x-2.1.2-hotfix\cocos2d-2.1rc0-x-2.1.3\cocos2dx\platform\third_party\win32\OGLES" /I"D:\My_Documents\cocos2d-2.1rc0-x-2.1.2-hotfix\cocos2d-2.1rc0-x-2.1.3\external" /I"D:\My_Documents\cocos2d-2.1rc0-x-2.1.2-hotfix\cocos2d-2.1rc0-x-2.1.3\CocosDenshion\include" /ZI /nologo /W3 /WX- /Od /Oy- /D WIN32 /D _WINDOWS /D STRICT /D _CRT_SECURE_NO_WARNINGS /D _SCL_SECURE_NO_WARNINGS_DEBUG /D COCOS2D_DEBUG=1 /D _UNICODE /D UNICODE /Gm /EHsc /RTC1 /MDd /GS /fp:precise /Zc:wchar_t /Zc:forScope /Fo"Debug.win32\\" /Fd"Debug.win32\vc100.pdb" /Gd /TP /wd4267 /wd4251 /wd4244 /analyze- /errorReport:prompt ..\Classes\AppDelegate.cpp ..\Classes\ContronLayer.cpp ..\Classes\GameLayer.cpp ..\Classes\GameOverLayer.cpp ..\Classes\GameScene.cpp ..\Classes\WelcomeLayer.cpp ..\Classes\WelcomeScene.cpp
         ContronLayer.cpp
         正在生成代码...
         正在编译...
         AppDelegate.cpp
         正在生成代码...
         正在编译...
         GameLayer.cpp
         正在生成代码...
         正在编译...
         GameOverLayer.cpp
         正在生成代码...
         正在编译...
         GameScene.cpp
         正在生成代码...
         正在编译...
         WelcomeLayer.cpp
         正在生成代码...
         正在编译...
         WelcomeScene.cpp
         正在生成代码...
       ResourceCompile:
         所有输出均为最新。
       ManifestResourceCompile:
         所有输出均为最新。
       Link:
         D:\vs2010\VC\bin\link.exe /ERRORREPORT:PROMPT /OUT:"D:\My_Documents\cocos2d-2.1rc0-x-2.1.2-hotfix\cocos2d-2.1rc0-x-2.1.3\Debug.win32\weixinplane.win32.exe" /INCREMENTAL /NOLOGO /LIBPATH:"D:\My_Documents\cocos2d-2.1rc0-x-2.1.2-hotfix\cocos2d-2.1rc0-x-2.1.3\Debug.win32\\" libcocos2d.lib opengl32.lib glew32.lib libBox2d.lib libCocosDenshion.lib kernel32.lib user32.lib gdi32.lib winspool.lib comdlg32.lib advapi32.lib shell32.lib ole32.lib oleaut32.lib uuid.lib odbc32.lib odbccp32.lib /MANIFEST /ManifestFile:"Debug.win32\weixinplane.win32.exe.intermediate.manifest" /MANIFESTUAC:"level='asInvoker' uiAccess='false'" /DEBUG /PDB:"D:\My_Documents\cocos2d-2.1rc0-x-2.1.2-hotfix\cocos2d-2.1rc0-x-2.1.3\Debug.win32\weixinplane.win32.pdb" /SUBSYSTEM:WINDOWS /TLBID:1 /DYNAMICBASE /NXCOMPAT /IMPLIB:"D:\My_Documents\cocos2d-2.1rc0-x-2.1.2-hotfix\cocos2d-2.1rc0-x-2.1.3\Debug.win32\weixinplane.win32.lib" /MACHINE:X86 Debug.win32\weixinplane.res
         Debug.win32\weixinplane.win32.exe.embed.manifest.res
         Debug.win32\AppDelegate.obj
         Debug.win32\BulletLayer.obj
         Debug.win32\ContronLayer.obj
         Debug.win32\Enemy1Layer.obj
         Debug.win32\Enemy1Sprite.obj
         Debug.win32\Enemy2Layer.obj
         Debug.win32\Enemy3Layer.obj
         Debug.win32\GameLayer.obj
         Debug.win32\GameOverLayer.obj
         Debug.win32\GameOverScene.obj
         Debug.win32\GameScene.obj
         Debug.win32\PlaneLayer.obj
         Debug.win32\WelcomeLayer.obj
         Debug.win32\WelcomeScene.obj
         Debug.win32\main.obj
       Manifest:
         C:\Program Files\Microsoft SDKs\Windows\v7.0A\bin\mt.exe /nologo /verbose /out:"Debug.win32\weixinplane.win32.exe.embed.manifest" /manifest Debug.win32\weixinplane.win32.exe.intermediate.manifest
         所有输出均为最新。
       LinkEmbedManifest:
         所有输出均为最新。
         weixinplane.win32.vcxproj -> D:\My_Documents\cocos2d-2.1rc0-x-2.1.2-hotfix\cocos2d-2.1rc0-x-2.1.3\Debug.win32\weixinplane.win32.exe
       FinalizeBuildStatus:
         正在删除文件“Debug.win32\weixinplane.win32.unsuccessfulbuild”。
         正在对“Debug.win32\weixinplane.win32.lastbuildstate”执行 Touch 任务。
     1>已完成生成项目“D:\My_Documents\cocos2d-2.1rc0-x-2.1.2-hotfix\cocos2d-2.1rc0-x-2.1.3\weixinplane\proj.win32\weixinplane.win32.vcxproj”(build 个目标)的操作。

生成成功。

已用时间 00:00:16.84
